<?xml version="1.0" encoding="UTF-8"?>
<!-- Generated by org.testng.reporters.JUnitXMLReporter -->
<testsuite ignored="0" hostname="khaled-Precision-7510" failures="0" tests="3" name="E2E Tests" time="26.276" errors="0" timestamp="2025-11-11T08:14:38 EET">
  <testcase classname="com.sure.orangehrm.tests.E2ETest" name="createEmployeeViaApi" time="2.859"/>
  <testcase classname="com.sure.orangehrm.tests.E2ETest" name="addPersonalDetailsViaApi" time="0.713"/>
  <testcase classname="com.sure.orangehrm.tests.E2ETest" name="uiEditContactAndJobDetails" time="14.111"/>
</testsuite> <!-- E2E Tests -->
