<?xml version="1.0" encoding="UTF-8"?>
<!-- Generated by org.testng.reporters.JUnitXMLReporter -->
<testsuite ignored="0" hostname="khaled-Precision-7510" failures="0" tests="3" name="E2E Tests" time="25.197" errors="0" timestamp="2025-11-15T05:27:35 EET">
  <testcase classname="com.sure.orangehrm.tests.E2ETest" name="createEmployeeViaApi" time="2.53"/>
  <testcase classname="com.sure.orangehrm.tests.E2ETest" name="addPersonalDetailsViaApi" time="0.747"/>
  <testcase classname="com.sure.orangehrm.tests.E2ETest" name="uiEditContactAndJobDetails" time="13.182"/>
</testsuite> <!-- E2E Tests -->
