<?xml version="1.0" encoding="UTF-8"?>
<testng-results ignored="0" total="3" passed="3" failed="0" skipped="0">
  <reporter-output>
  </reporter-output>
  <suite started-at="2025-11-11T08:22:56 EET" name="TestSuite" finished-at="2025-11-11T08:23:22 EET" duration-ms="25857">
    <groups>
    </groups>
    <test started-at="2025-11-11T08:22:56 EET" name="E2E Tests" finished-at="2025-11-11T08:23:22 EET" duration-ms="25857">
      <class name="com.sure.orangehrm.tests.E2ETest">
        <test-method is-config="true" signature="beforeSuite()[pri:0, instance:com.sure.orangehrm.tests.E2ETest@4659191b]" started-at="2025-11-11T08:22:56 EET" name="beforeSuite" finished-at="2025-11-11T08:22:56 EET" duration-ms="15" status="PASS">
          <reporter-output>
          </reporter-output>
        </test-method> <!-- beforeSuite -->
        <test-method is-config="true" signature="setupClass()[pri:0, instance:com.sure.orangehrm.tests.E2ETest@4659191b]" started-at="2025-11-11T08:22:56 EET" name="setupClass" finished-at="2025-11-11T08:23:05 EET" duration-ms="8500" status="PASS">
          <reporter-output>
          </reporter-output>
        </test-method> <!-- setupClass -->
        <test-method signature="createEmployeeViaApi()[pri:1, instance:com.sure.orangehrm.tests.E2ETest@4659191b]" started-at="2025-11-11T08:23:05 EET" name="createEmployeeViaApi" finished-at="2025-11-11T08:23:08 EET" duration-ms="2885" status="PASS">
          <reporter-output>
          </reporter-output>
        </test-method> <!-- createEmployeeViaApi -->
        <test-method signature="addPersonalDetailsViaApi()[pri:2, instance:com.sure.orangehrm.tests.E2ETest@4659191b]" started-at="2025-11-11T08:23:08 EET" name="addPersonalDetailsViaApi" finished-at="2025-11-11T08:23:08 EET" depends-on-methods="com.sure.orangehrm.tests.E2ETest.createEmployeeViaApi" duration-ms="639" status="PASS">
          <reporter-output>
          </reporter-output>
        </test-method> <!-- addPersonalDetailsViaApi -->
        <test-method signature="uiEditContactAndJobDetails()[pri:3, instance:com.sure.orangehrm.tests.E2ETest@4659191b]" started-at="2025-11-11T08:23:08 EET" name="uiEditContactAndJobDetails" finished-at="2025-11-11T08:23:22 EET" depends-on-methods="com.sure.orangehrm.tests.E2ETest.addPersonalDetailsViaApi" duration-ms="13633" status="PASS">
          <reporter-output>
          </reporter-output>
        </test-method> <!-- uiEditContactAndJobDetails -->
        <test-method is-config="true" signature="quitDriver()[pri:0, instance:com.sure.orangehrm.tests.E2ETest@4659191b]" started-at="2025-11-11T08:23:22 EET" name="quitDriver" finished-at="2025-11-11T08:23:22 EET" duration-ms="113" status="PASS">
          <reporter-output>
          </reporter-output>
        </test-method> <!-- quitDriver -->
      </class> <!-- com.sure.orangehrm.tests.E2ETest -->
    </test> <!-- E2E Tests -->
  </suite> <!-- TestSuite -->
</testng-results>
