<?xml version="1.0" encoding="UTF-8"?>
<testng-results ignored="0" total="3" passed="3" failed="0" skipped="0">
  <reporter-output>
  </reporter-output>
  <suite started-at="2025-11-15T05:27:09 EET" name="TestSuite" finished-at="2025-11-15T05:27:35 EET" duration-ms="25197">
    <groups>
    </groups>
    <test started-at="2025-11-15T05:27:09 EET" name="E2E Tests" finished-at="2025-11-15T05:27:35 EET" duration-ms="25197">
      <class name="com.sure.orangehrm.tests.E2ETest">
        <test-method is-config="true" signature="beforeSuite()[pri:0, instance:com.sure.orangehrm.tests.E2ETest@1151e434]" started-at="2025-11-15T05:27:09 EET" name="beforeSuite" finished-at="2025-11-15T05:27:09 EET" duration-ms="13" status="PASS">
          <reporter-output>
          </reporter-output>
        </test-method> <!-- beforeSuite -->
        <test-method is-config="true" signature="setupClass()[pri:0, instance:com.sure.orangehrm.tests.E2ETest@1151e434]" started-at="2025-11-15T05:27:09 EET" name="setupClass" finished-at="2025-11-15T05:27:18 EET" duration-ms="8561" status="PASS">
          <reporter-output>
          </reporter-output>
        </test-method> <!-- setupClass -->
        <test-method signature="createEmployeeViaApi()[pri:1, instance:com.sure.orangehrm.tests.E2ETest@1151e434]" started-at="2025-11-15T05:27:18 EET" name="createEmployeeViaApi" finished-at="2025-11-15T05:27:20 EET" duration-ms="2530" status="PASS">
          <reporter-output>
          </reporter-output>
        </test-method> <!-- createEmployeeViaApi -->
        <test-method signature="addPersonalDetailsViaApi()[pri:2, instance:com.sure.orangehrm.tests.E2ETest@1151e434]" started-at="2025-11-15T05:27:20 EET" name="addPersonalDetailsViaApi" finished-at="2025-11-15T05:27:21 EET" depends-on-methods="com.sure.orangehrm.tests.E2ETest.createEmployeeViaApi" duration-ms="747" status="PASS">
          <reporter-output>
          </reporter-output>
        </test-method> <!-- addPersonalDetailsViaApi -->
        <test-method signature="uiEditContactAndJobDetails()[pri:3, instance:com.sure.orangehrm.tests.E2ETest@1151e434]" started-at="2025-11-15T05:27:21 EET" name="uiEditContactAndJobDetails" finished-at="2025-11-15T05:27:34 EET" depends-on-methods="com.sure.orangehrm.tests.E2ETest.addPersonalDetailsViaApi" duration-ms="13182" status="PASS">
          <reporter-output>
          </reporter-output>
        </test-method> <!-- uiEditContactAndJobDetails -->
        <test-method is-config="true" signature="quitDriver()[pri:0, instance:com.sure.orangehrm.tests.E2ETest@1151e434]" started-at="2025-11-15T05:27:34 EET" name="quitDriver" finished-at="2025-11-15T05:27:35 EET" duration-ms="104" status="PASS">
          <reporter-output>
          </reporter-output>
        </test-method> <!-- quitDriver -->
      </class> <!-- com.sure.orangehrm.tests.E2ETest -->
    </test> <!-- E2E Tests -->
  </suite> <!-- TestSuite -->
</testng-results>
