<?xml version="1.0" encoding="UTF-8"?>
<!-- Generated by org.testng.reporters.JUnitReportReporter -->
<testsuite hostname="khaled-Precision-7510" failures="0" tests="3" name="com.sure.orangehrm.tests.E2ETest" time="17.157" errors="0" timestamp="2025-11-11T08:23:22 EET" skipped="0">
  <testcase classname="com.sure.orangehrm.tests.E2ETest" name="createEmployeeViaApi" time="2.885"/>
  <testcase classname="com.sure.orangehrm.tests.E2ETest" name="addPersonalDetailsViaApi" time="0.639"/>
  <testcase classname="com.sure.orangehrm.tests.E2ETest" name="uiEditContactAndJobDetails" time="13.633"/>
</testsuite> <!-- com.sure.orangehrm.tests.E2ETest -->
